Drill report for Cooee_brains.kicad_pcb
Created on 2026-03-13T14:03:07+1100

Copper Layer Stackup:
    =============================================================
    L1 :  F.Cu                      front
    L2 :  B.Cu                      back


Drill file 'Cooee_brains-PTH.drl' contains
    plated through holes:
    =============================================================
    T1  0.200mm  0.0079"  (12 holes)
    T2  0.300mm  0.0118"  (149 holes)
    T3  0.600mm  0.0236"  (4 holes)  (with 4 slots)
    T4  1.000mm  0.0394"  (31 holes)
    T5  1.770mm  0.0697"  (3 holes)
    T6  3.200mm  0.1260"  (2 holes)

    Total plated holes count 201


Drill file 'Cooee_brains-NPTH.drl' contains
    unplated through holes:
    =============================================================
    T1  0.500mm  0.0197"  (1 hole)
    T2  0.650mm  0.0256"  (2 holes)

    Total unplated holes count 3
